\BOOKMARK [1][-]{section.1}{Introduction}{}% 1
\BOOKMARK [1][-]{section.2}{Controller structure}{}% 2
\BOOKMARK [2][-]{subsection.2.1}{Turn-by-turn controller}{section.2}% 3
\BOOKMARK [2][-]{subsection.2.2}{Simultaneous controller}{section.2}% 4
\BOOKMARK [1][-]{section.3}{Player structure}{}% 5
\BOOKMARK [2][-]{subsection.3.1}{General structure}{section.3}% 6
\BOOKMARK [2][-]{subsection.3.2}{Decision algorithms}{section.3}% 7
\BOOKMARK [3][-]{subsubsection.3.2.1}{Basic player}{subsection.3.2}% 8
\BOOKMARK [3][-]{subsubsection.3.2.2}{Advanced player}{subsection.3.2}% 9
\BOOKMARK [3][-]{subsubsection.3.2.3}{Intelligent player}{subsection.3.2}% 10
\BOOKMARK [3][-]{subsubsection.3.2.4}{Competitive player}{subsection.3.2}% 11
\BOOKMARK [2][-]{subsection.3.3}{Simultaneous players}{section.3}% 12
\BOOKMARK [1][-]{section.4}{Interoperability}{}% 13
\BOOKMARK [2][-]{subsection.4.1}{Group 0 \205 Maudoux, Verhaeghe}{section.4}% 14
\BOOKMARK [3][-]{subsubsection.4.1.1}{Player000bomber.ozf}{subsection.4.1}% 15
\BOOKMARK [2][-]{subsection.4.2}{Group 7 \205 Bousselmi, Zarza Davila}{section.4}% 16
\BOOKMARK [3][-]{subsubsection.4.2.1}{Player007Scared.ozf}{subsection.4.2}% 17
\BOOKMARK [2][-]{subsection.4.3}{Group 9 \205 Thibaut, Tran}{section.4}% 18
\BOOKMARK [3][-]{subsubsection.4.3.1}{Player009defense.ozf}{subsection.4.3}% 19
\BOOKMARK [3][-]{subsubsection.4.3.2}{Player009notsafedefense.ozf}{subsection.4.3}% 20
\BOOKMARK [2][-]{subsection.4.4}{Group 10 \205 Nguyen, Verbois}{section.4}% 21
\BOOKMARK [3][-]{subsubsection.4.4.1}{Player010IA2.ozf}{subsection.4.4}% 22
\BOOKMARK [2][-]{subsection.4.5}{Group 13 \205 De Vogeleer, Diels}{section.4}% 23
\BOOKMARK [3][-]{subsubsection.4.5.1}{Player013smart.ozf}{subsection.4.5}% 24
\BOOKMARK [2][-]{subsection.4.6}{Group 17 \205 Cl\351ment, Moueddene}{section.4}% 25
\BOOKMARK [3][-]{subsubsection.4.6.1}{Player017advanced.ozf}{subsection.4.6}% 26
\BOOKMARK [2][-]{subsection.4.7}{Group 38 \205 de Keersmaeker, G\351rard}{section.4}% 27
\BOOKMARK [3][-]{subsubsection.4.7.1}{Player038Luigi.ozf}{subsection.4.7}% 28
\BOOKMARK [2][-]{subsection.4.8}{Group 55 \205 Mulders, Semerikova}{section.4}% 29
\BOOKMARK [3][-]{subsubsection.4.8.1}{Player055Random.ozf}{subsection.4.8}% 30
\BOOKMARK [3][-]{subsubsection.4.8.2}{Player055Survivor.ozf}{subsection.4.8}% 31
\BOOKMARK [3][-]{subsubsection.4.8.3}{Player005Clever.ozf}{subsection.4.8}% 32
\BOOKMARK [2][-]{subsection.4.9}{Group 100 \205 Gevorgyan, Navarre}{section.4}% 33
\BOOKMARK [3][-]{subsubsection.4.9.1}{Player100JonSnow.ozf}{subsection.4.9}% 34
\BOOKMARK [3][-]{subsubsection.4.9.2}{Player100advanced.ozf}{subsection.4.9}% 35
\BOOKMARK [2][-]{subsection.4.10}{Group 105 \205 Mar\351chal, Martin}{section.4}% 36
\BOOKMARK [3][-]{subsubsection.4.10.1}{UniMate interoperability platform}{subsection.4.10}% 37
\BOOKMARK [1][-]{section.5}{Extensions and optional parts}{}% 38
\BOOKMARK [1][-]{section.6}{Conclusion}{}% 39
